#
# A fatal error has been detected by the Java Runtime Environment:
#
#  EXCEPTION_ACCESS_VIOLATION (0xc0000005) at pc=0x00007ffcea51b291, pid=6200, tid=2060
#
# JRE version: OpenJDK Runtime Environment (11.0.10) (build 11.0.10+0-b96-7249189)
# Java VM: OpenJDK 64-Bit Server VM (11.0.10+0-b96-7249189, mixed mode, tiered, compressed oops, g1 gc, windows-amd64)
# Problematic frame:
# V  [jvm.dll+0x35b291]
#
# No core dump will be written. Minidumps are not enabled by default on client versions of Windows
#
# If you would like to submit a bug report, please visit:
#   https://bugreport.java.com/bugreport/crash.jsp
#

---------------  S U M M A R Y ------------

Command Line: --add-opens=java.base/java.util=ALL-UNNAMED --add-opens=java.base/java.lang=ALL-UNNAMED --add-opens=java.base/java.lang.invoke=ALL-UNNAMED --add-opens=java.base/java.util=ALL-UNNAMED --add-opens=java.prefs/java.util.prefs=ALL-UNNAMED --add-opens=java.prefs/java.util.prefs=ALL-UNNAMED --add-opens=java.base/java.nio.charset=ALL-UNNAMED --add-opens=java.base/java.net=ALL-UNNAMED --add-opens=java.base/java.util.concurrent.atomic=ALL-UNNAMED -Xmx2048m -Dfile.encoding=UTF-8 -Duser.country=ID -Duser.language=en -Duser.variant org.gradle.launcher.daemon.bootstrap.GradleDaemon 7.0.2

Host: 11th Gen Intel(R) Core(TM) i3-1115G4 @ 3.00GHz, 4 cores, 7G,  Windows 10 , 64 bit Build 19041 (10.0.19041.1202)
Time: Mon Nov  1 16:00:28 2021 SE Asia Standard Time elapsed time: 1842.790017 seconds (0d 0h 30m 42s)

---------------  T H R E A D  ---------------

Current thread (0x000001e34af38800):  GCTaskThread "GC Thread#0" [stack: 0x0000008232100000,0x0000008232200000] [id=2060]

Stack: [0x0000008232100000,0x0000008232200000],  sp=0x00000082321ffbc0,  free space=1022k
Native frames: (J=compiled Java code, j=interpreted, Vv=VM code, C=native code)
V  [jvm.dll+0x35b291]
V  [jvm.dll+0x2dd2b5]
V  [jvm.dll+0x2dd77c]
V  [jvm.dll+0x748da0]
V  [jvm.dll+0x6e3d45]
V  [jvm.dll+0x5ebe96]
C  [ucrtbase.dll+0x21bb2]
C  [KERNEL32.DLL+0x17034]
C  [ntdll.dll+0x52651]


siginfo: EXCEPTION_ACCESS_VIOLATION (0xc0000005), reading address 0x000001e33230dc60


Register to memory mapping:

RIP=0x00007ffcea51b291 jvm.dll
RAX=0x000001e33230dc60 is an unknown value
RBX=0x0 is NULL
RCX=0x0000000100cb4bb8 is a pointer to class: 
javax.net.ssl.KeyManagerFactory$1 {0x0000000100cb4bc0}
RDX=0x00000082326fe8f8 points into unknown readable memory: 0x0000000000000000 | 00 00 00 00 00 00 00 00
RSP=0x00000082321ffbc0 points into unknown readable memory: 0x0000000000000000 | 00 00 00 00 00 00 00 00
RBP=0x000001e34af2c0f0 points into unknown readable memory: 0x656e2e786176616a | 6a 61 76 61 78 2e 6e 65
RSI=0x0000000100cb4bb8 is a pointer to class: 
javax.net.ssl.KeyManagerFactory$1 {0x0000000100cb4bc0}
RDI=0x000001e34af37aa0 points into unknown readable memory: 0x0000000000000002 | 02 00 00 00 00 00 00 00
R8 =0x0000000100cb4bb8 is a pointer to class: 
javax.net.ssl.KeyManagerFactory$1 {0x0000000100cb4bc0}
R9 =0x0 is NULL
R10=0x0 is NULL
R11=0x000001e36eb79928 is pointing into metadata
R12=0x0 is NULL
R13=0x0 is NULL
R14=0x000001e34af2c4c8 points into unknown readable memory: 0x100353b05c9ea414 | 14 a4 9e 5c b0 53 03 10
R15=0x00000000000003d8 is an unknown value


Registers:
RAX=0x000001e33230dc60, RBX=0x0000000000000000, RCX=0x0000000100cb4bb8, RDX=0x00000082326fe8f8
RSP=0x00000082321ffbc0, RBP=0x000001e34af2c0f0, RSI=0x0000000100cb4bb8, RDI=0x000001e34af37aa0
R8 =0x0000000100cb4bb8, R9 =0x0000000000000000, R10=0x0000000000000000, R11=0x000001e36eb79928
R12=0x0000000000000000, R13=0x0000000000000000, R14=0x000001e34af2c4c8, R15=0x00000000000003d8
RIP=0x00007ffcea51b291, EFLAGS=0x0000000000010246

Top of Stack: (sp=0x00000082321ffbc0)
0x00000082321ffbc0:   0000000000000000 0000000000000005
0x00000082321ffbd0:   0000000100cc90a8 0000000100cb4de8
0x00000082321ffbe0:   000001e34af2c0e0 00007ffcea49d2b5
0x00000082321ffbf0:   00000082326fe8f0 000001e34af37aa0
0x00000082321ffc00:   00000082326fe8f0 0000000000000001
0x00000082321ffc10:   0000000000000000 000001e34af38800
0x00000082321ffc20:   000001e348d930d0 00007ffcea49d77c
0x00000082321ffc30:   0000000000000000 00000082326fe820
0x00000082321ffc40:   0000000000000002 0000000000000002
0x00000082321ffc50:   00000000000075a3 00007ffcea908da0
0x00000082321ffc60:   000001e34af38800 00000082321ffd10
0x00000082321ffc70:   0000000000000000 00000000000075a3
0x00000082321ffc80:   00000082326fe820 0000008200000002
0x00000082321ffc90:   0000000000000000 0000000000000000
0x00000082321ffca0:   000001e34af38800 00007ffcea8a3d45
0x00000082321ffcb0:   000001e3ffffffff 00007ffcea8aa0ca 

Instructions: (pc=0x00007ffcea51b291)
0x00007ffcea51b191:   7f 20 4c 8b 67 28 e8 d4 c8 16 00 41 b8 ed 04 00
0x00007ffcea51b1a1:   00 4c 8b cb 48 89 44 24 20 48 8d 15 a7 23 4d 00
0x00007ffcea51b1b1:   48 8b cd e8 a7 6a f6 ff 48 83 3e 00 74 13 49 8b
0x00007ffcea51b1c1:   d4 48 8b cf e8 06 1c d6 ff 48 8b ce e8 ae 1a d6
0x00007ffcea51b1d1:   ff 4c 89 7f 20 4c 89 77 18 48 89 77 10 48 8b 5c
0x00007ffcea51b1e1:   24 50 48 8b 6c 24 58 48 8b 74 24 60 48 8b 7c 24
0x00007ffcea51b1f1:   68 48 83 c4 30 41 5f 41 5e 41 5c c3 cc cc cc 40
0x00007ffcea51b201:   53 48 83 ec 20 4c 8b 05 f3 44 6d 00 48 8b 15 a4
0x00007ffcea51b211:   39 6d 00 e8 b7 18 00 00 48 8b d8 48 85 c0 74 15
0x00007ffcea51b221:   48 8b c8 e8 37 79 24 00 84 c0 74 09 48 8b c3 48
0x00007ffcea51b231:   83 c4 20 5b c3 33 c0 48 83 c4 20 5b c3 cc cc 48
0x00007ffcea51b241:   89 5c 24 18 56 48 83 ec 20 8b 81 a4 00 00 00 33
0x00007ffcea51b251:   db c1 e8 09 48 8b f1 a8 01 74 2e 38 1d ca 8f 63
0x00007ffcea51b261:   00 74 26 e8 e7 24 00 00 48 85 c0 74 1c 48 8b 80
0x00007ffcea51b271:   98 00 00 00 38 58 20 74 10 48 8b ce e8 1e 7b e4
0x00007ffcea51b281:   ff 48 85 c0 74 03 48 89 18 48 8b 86 98 01 00 00
0x00007ffcea51b291:   39 18 7e 36 48 89 7c 24 38 48 8b fb 0f 1f 00 48
0x00007ffcea51b2a1:   8b 44 07 08 48 8b 48 10 48 85 c9 74 07 33 d2 e8
0x00007ffcea51b2b1:   4b d1 24 00 48 8b 86 98 01 00 00 ff c3 48 83 c7
0x00007ffcea51b2c1:   08 3b 18 7c da 48 8b 7c 24 38 48 8d 86 60 01 00
0x00007ffcea51b2d1:   00 48 8d 4c 24 30 48 89 44 24 30 e8 5f 7a ef ff
0x00007ffcea51b2e1:   48 8b 5c 24 40 48 83 c4 20 5e c3 cc cc cc cc 48
0x00007ffcea51b2f1:   89 5c 24 10 48 89 6c 24 18 57 48 83 ec 20 48 8b
0x00007ffcea51b301:   fa 48 8b e9 e8 26 c5 16 00 8b 45 08 33 db 83 e0
0x00007ffcea51b311:   f8 48 98 48 89 07 8b 85 c4 00 00 00 c1 e0 03 48
0x00007ffcea51b321:   98 48 89 47 30 8b 85 34 01 00 00 c1 e0 03 48 98
0x00007ffcea51b331:   48 89 47 38 8b 85 30 01 00 00 c1 e0 03 48 98 48
0x00007ffcea51b341:   89 47 40 48 8b 85 98 01 00 00 48 85 c0 75 04 8b
0x00007ffcea51b351:   c3 eb 1c 8b 08 8b c3 85 c9 74 14 ff c9 85 c9 0f
0x00007ffcea51b361:   4f c1 48 98 48 8d 04 c5 17 00 00 00 83 e0 f8 48
0x00007ffcea51b371:   63 d0 48 89 57 48 48 8b 85 b8 01 00 00 48 85 c0
0x00007ffcea51b381:   75 04 8b c3 eb 21 8b 00 85 c0 75 04 8b c3 eb 17 


Stack slot to memory mapping:
stack at sp + 0 slots: 0x0 is NULL
stack at sp + 1 slots: 0x0000000000000005 is an unknown value
stack at sp + 2 slots: 0x0000000100cc90a8 is a pointer to class: 
java.util.concurrent.ConcurrentHashMap$TreeBin {0x0000000100cc90b0}
stack at sp + 3 slots: 0x0000000100cb4de8 is a pointer to class: 
javax.net.ssl.KeyManagerFactorySpi {0x0000000100cb4df0}
stack at sp + 4 slots: 0x000001e34af2c0e0 points into unknown readable memory: 0x0000000000000000 | 00 00 00 00 00 00 00 00
stack at sp + 5 slots: 0x00007ffcea49d2b5 jvm.dll
stack at sp + 6 slots: 0x00000082326fe8f0 points into unknown readable memory: 0xffffffff00000001 | 01 00 00 00 ff ff ff ff
stack at sp + 7 slots: 0x000001e34af37aa0 points into unknown readable memory: 0x0000000000000002 | 02 00 00 00 00 00 00 00


---------------  P R O C E S S  ---------------

Threads class SMR info:
_java_thread_list=0x000001e3657b97a0, length=49, elements={
0x000001e34af1f000, 0x000001e364af2000, 0x000001e364af3800, 0x000001e364b0c800,
0x000001e364b0f000, 0x000001e364b10000, 0x000001e364b12000, 0x000001e364b19800,
0x000001e364b1b800, 0x000001e3655c8000, 0x000001e367e04000, 0x000001e367e04800,
0x000001e367dff000, 0x000001e3678d5000, 0x000001e3678d9000, 0x000001e3678d9800,
0x000001e3678d5800, 0x000001e3678da800, 0x000001e3678d8000, 0x000001e3678dc000,
0x000001e3678d7000, 0x000001e3678dd000, 0x000001e3678de800, 0x000001e3678e2000,
0x000001e36aeb8000, 0x000001e36aeb3800, 0x000001e36aeb6000, 0x000001e36aeb1800,
0x000001e36aeb7000, 0x000001e36aeb8800, 0x000001e36aeb4800, 0x000001e36aeb9800,
0x000001e36aeba800, 0x000001e36aebb000, 0x000001e36aeb5800, 0x000001e36aebf000,
0x000001e36aebd800, 0x000001e36aec0000, 0x000001e36aebe800, 0x000001e36aebc000,
0x000001e36aebc800, 0x000001e367e00800, 0x000001e367e05800, 0x000001e367e02000,
0x000001e367e01800, 0x000001e367e00000, 0x000001e367e03000, 0x000001e3678d6800,
0x000001e3678d4000
}

Java Threads: ( => current thread )
  0x000001e34af1f000 JavaThread "main" [_thread_blocked, id=2672, stack(0x0000008232000000,0x0000008232100000)]
  0x000001e364af2000 JavaThread "Reference Handler" daemon [_thread_blocked, id=4756, stack(0x0000008232700000,0x0000008232800000)]
  0x000001e364af3800 JavaThread "Finalizer" daemon [_thread_blocked, id=11280, stack(0x0000008232800000,0x0000008232900000)]
  0x000001e364b0c800 JavaThread "Signal Dispatcher" daemon [_thread_blocked, id=9468, stack(0x0000008232900000,0x0000008232a00000)]
  0x000001e364b0f000 JavaThread "Attach Listener" daemon [_thread_blocked, id=14284, stack(0x0000008232a00000,0x0000008232b00000)]
  0x000001e364b10000 JavaThread "Service Thread" daemon [_thread_blocked, id=11828, stack(0x0000008232b00000,0x0000008232c00000)]
  0x000001e364b12000 JavaThread "C2 CompilerThread0" daemon [_thread_blocked, id=11704, stack(0x0000008232c00000,0x0000008232d00000)]
  0x000001e364b19800 JavaThread "C1 CompilerThread0" daemon [_thread_blocked, id=10852, stack(0x0000008232d00000,0x0000008232e00000)]
  0x000001e364b1b800 JavaThread "Sweeper thread" daemon [_thread_blocked, id=6264, stack(0x0000008232e00000,0x0000008232f00000)]
  0x000001e3655c8000 JavaThread "Common-Cleaner" daemon [_thread_blocked, id=2528, stack(0x0000008232f00000,0x0000008233000000)]
  0x000001e367e04000 JavaThread "Daemon health stats" [_thread_blocked, id=6668, stack(0x0000008233400000,0x0000008233500000)]
  0x000001e367e04800 JavaThread "Incoming local TCP Connector on port 1264" [_thread_in_native, id=13456, stack(0x0000008233100000,0x0000008233200000)]
  0x000001e367dff000 JavaThread "Daemon periodic checks" [_thread_blocked, id=10344, stack(0x0000008233500000,0x0000008233600000)]
  0x000001e3678d5000 JavaThread "Cache worker for file hash cache (C:\Users\ACER\.gradle\caches\7.0.2\fileHashes)" [_thread_blocked, id=10668, stack(0x0000008233f00000,0x0000008234000000)]
  0x000001e3678d9000 JavaThread "File lock request listener" [_thread_in_native, id=2716, stack(0x0000008234000000,0x0000008234100000)]
  0x000001e3678d9800 JavaThread "Cache worker for journal cache (C:\Users\ACER\.gradle\caches\journal-1)" [_thread_blocked, id=1144, stack(0x0000008234100000,0x0000008234200000)]
  0x000001e3678d5800 JavaThread "File watcher server" daemon [_thread_blocked, id=12720, stack(0x0000008234300000,0x0000008234400000)]
  0x000001e3678da800 JavaThread "File watcher consumer" daemon [_thread_blocked, id=12300, stack(0x0000008234400000,0x0000008234500000)]
  0x000001e3678d8000 JavaThread "jar transforms" [_thread_blocked, id=6480, stack(0x0000008234500000,0x0000008234600000)]
  0x000001e3678dc000 JavaThread "jar transforms Thread 2" [_thread_blocked, id=6172, stack(0x0000008234600000,0x0000008234700000)]
  0x000001e3678d7000 JavaThread "jar transforms Thread 3" [_thread_blocked, id=8352, stack(0x0000008234700000,0x0000008234800000)]
  0x000001e3678dd000 JavaThread "jar transforms Thread 4" [_thread_blocked, id=9472, stack(0x0000008234800000,0x0000008234900000)]
  0x000001e3678de800 JavaThread "Cache worker for execution history cache (C:\Users\ACER\.gradle\caches\7.0.2\executionHistory)" [_thread_blocked, id=12824, stack(0x0000008234c00000,0x0000008234d00000)]
  0x000001e3678e2000 JavaThread "Cache worker for file content cache (C:\Users\ACER\.gradle\caches\7.0.2\fileContent)" [_thread_blocked, id=10416, stack(0x0000008234d00000,0x0000008234e00000)]
  0x000001e36aeb8000 JavaThread "Memory manager" [_thread_blocked, id=12312, stack(0x0000008235400000,0x0000008235500000)]
  0x000001e36aeb3800 JavaThread "Daemon Thread 2" [_thread_blocked, id=13308, stack(0x0000008231d00000,0x0000008231e00000)]
  0x000001e36aeb6000 JavaThread "Handler for socket connection from /127.0.0.1:1264 to /127.0.0.1:1626" [_thread_in_native, id=13324, stack(0x0000008231e00000,0x0000008231f00000)]
  0x000001e36aeb1800 JavaThread "Cancel handler" [_thread_blocked, id=1180, stack(0x0000008231f00000,0x0000008232000000)]
  0x000001e36aeb7000 JavaThread "Daemon worker Thread 2" [_thread_blocked, id=1952, stack(0x0000008233600000,0x0000008233700000)]
  0x000001e36aeb8800 JavaThread "Asynchronous log dispatcher for DefaultDaemonConnection: socket connection from /127.0.0.1:1264 to /127.0.0.1:1626" [_thread_blocked, id=12360, stack(0x0000008233700000,0x0000008233800000)]
  0x000001e36aeb4800 JavaThread "Stdin handler" [_thread_blocked, id=10264, stack(0x0000008233800000,0x0000008233900000)]
  0x000001e36aeb9800 JavaThread "Daemon client event forwarder" [_thread_blocked, id=13216, stack(0x0000008233a00000,0x0000008233b00000)]
  0x000001e36aeba800 JavaThread "Cache worker for file hash cache (C:\Users\ACER\AndroidStudioProjects\prak51918094Arkan\.gradle\7.0.2\fileHashes)" [_thread_blocked, id=3992, stack(0x0000008233b00000,0x0000008233c00000)]
  0x000001e36aebb000 JavaThread "Cache worker for checksums cache (C:\Users\ACER\AndroidStudioProjects\prak51918094Arkan\.gradle\checksums)" [_thread_blocked, id=11752, stack(0x0000008233c00000,0x0000008233d00000)]
  0x000001e36aeb5800 JavaThread "Cache worker for cache directory md-supplier (C:\Users\ACER\.gradle\caches\7.0.2\md-supplier)" [_thread_blocked, id=13676, stack(0x0000008233d00000,0x0000008233e00000)]
  0x000001e36aebf000 JavaThread "Cache worker for cache directory md-rule (C:\Users\ACER\.gradle\caches\7.0.2\md-rule)" [_thread_blocked, id=6484, stack(0x0000008233e00000,0x0000008233f00000)]
  0x000001e36aebd800 JavaThread "Cache worker for dependencies-accessors (C:\Users\ACER\AndroidStudioProjects\prak51918094Arkan\.gradle\7.0.2\dependencies-accessors)" [_thread_blocked, id=2920, stack(0x0000008234200000,0x0000008234300000)]
  0x000001e36aec0000 JavaThread "Cache worker for Build Output Cleanup Cache (C:\Users\ACER\AndroidStudioProjects\prak51918094Arkan\.gradle\buildOutputCleanup)" [_thread_blocked, id=14012, stack(0x0000008234900000,0x0000008234a00000)]
  0x000001e36aebe800 JavaThread "Build operations" [_thread_blocked, id=6684, stack(0x0000008234b00000,0x0000008234c00000)]
  0x000001e36aebc000 JavaThread "Build operations Thread 2" [_thread_blocked, id=6964, stack(0x0000008234e00000,0x0000008234f00000)]
  0x000001e36aebc800 JavaThread "Build operations Thread 3" [_thread_blocked, id=6740, stack(0x0000008234f00000,0x0000008235000000)]
  0x000001e367e00800 JavaThread "Build operations Thread 4" [_thread_blocked, id=13276, stack(0x0000008235000000,0x0000008235100000)]
  0x000001e367e05800 JavaThread "build event listener" [_thread_blocked, id=12616, stack(0x0000008235100000,0x0000008235200000)]
  0x000001e367e02000 JavaThread "Execution worker for ':'" [_thread_blocked, id=9404, stack(0x0000008235200000,0x0000008235300000)]
  0x000001e367e01800 JavaThread "Execution worker for ':' Thread 2" [_thread_blocked, id=6096, stack(0x0000008235300000,0x0000008235400000)]
  0x000001e367e00000 JavaThread "Execution worker for ':' Thread 3" [_thread_blocked, id=8276, stack(0x0000008235500000,0x0000008235600000)]
  0x000001e367e03000 JavaThread "Cache worker for execution history cache (C:\Users\ACER\AndroidStudioProjects\prak51918094Arkan\.gradle\7.0.2\executionHistory)" [_thread_blocked, id=11296, stack(0x0000008235600000,0x0000008235700000)]
  0x000001e3678d6800 JavaThread "WorkerExecutor Queue" [_thread_blocked, id=10420, stack(0x0000008235700000,0x0000008235800000)]
  0x000001e3678d4000 JavaThread "WorkerExecutor Queue Thread 2" [_thread_blocked, id=13988, stack(0x0000008235800000,0x0000008235900000)]

Other Threads:
  0x000001e364aef000 VMThread "VM Thread" [stack: 0x0000008232600000,0x0000008232700000] [id=12800]
  0x000001e3655f4800 WatcherThread [stack: 0x0000008233000000,0x0000008233100000] [id=2012]
=>0x000001e34af38800 GCTaskThread "GC Thread#0" [stack: 0x0000008232100000,0x0000008232200000] [id=2060]
  0x000001e365e7d000 GCTaskThread "GC Thread#1" [stack: 0x0000008233200000,0x0000008233300000] [id=8744]
  0x000001e3660a1000 GCTaskThread "GC Thread#2" [stack: 0x0000008233300000,0x0000008233400000] [id=8776]
  0x000001e367a19800 GCTaskThread "GC Thread#3" [stack: 0x0000008233900000,0x0000008233a00000] [id=336]
  0x000001e34af68800 ConcurrentGCThread "G1 Main Marker" [stack: 0x0000008232200000,0x0000008232300000] [id=10276]
  0x000001e34af6b000 ConcurrentGCThread "G1 Conc#0" [stack: 0x0000008232300000,0x0000008232400000] [id=604]
  0x000001e34affc000 ConcurrentGCThread "G1 Refine#0" [stack: 0x0000008232400000,0x0000008232500000] [id=7336]
  0x000001e34affd000 ConcurrentGCThread "G1 Young RemSet Sampling" [stack: 0x0000008232500000,0x0000008232600000] [id=11920]

Threads with active compile tasks:
C2 CompilerThread01842833 14255       4       org.apache.xerces.impl.XMLEntityScanner::scanData (1105 bytes)

VM state:at safepoint (normal execution)

VM Mutex/Monitor currently owned by a thread:  ([mutex/lock_event])
[0x000001e34af1ba40] Threads_lock - owner thread: 0x000001e364aef000
[0x000001e34af1c850] Heap_lock - owner thread: 0x000001e34af68800

Heap address: 0x0000000080000000, size: 2048 MB, Compressed Oops mode: 32-bit
Narrow klass base: 0x0000000000000000, Narrow klass shift: 3
Compressed class space size: 1073741824 Address: 0x0000000100000000

Heap:
 garbage-first heap   total 225280K, used 123272K [0x0000000080000000, 0x0000000100000000)
  region size 1024K, 11 young (11264K), 9 survivors (9216K)
 Metaspace       used 110335K, capacity 113529K, committed 113664K, reserved 1146880K
  class space    used 14121K, capacity 15243K, committed 15360K, reserved 1048576K
Heap Regions: E=young(eden), S=young(survivor), O=old, HS=humongous(starts), HC=humongous(continues), CS=collection set, F=free, A=archive, TAMS=top-at-mark-start (previous, next)
|   0|0x0000000080000000, 0x0000000080100000, 0x0000000080100000|100%| O|  |TAMS 0x0000000080100000, 0x0000000080100000| Untracked 
|   1|0x0000000080100000, 0x0000000080200000, 0x0000000080200000|100%| O|  |TAMS 0x0000000080200000, 0x0000000080200000| Untracked 
|   2|0x0000000080200000, 0x0000000080300000, 0x0000000080300000|100%| O|  |TAMS 0x0000000080300000, 0x0000000080300000| Untracked 
|   3|0x0000000080300000, 0x0000000080400000, 0x0000000080400000|100%|HS|  |TAMS 0x0000000080400000, 0x0000000080400000| Complete 
|   4|0x0000000080400000, 0x0000000080500000, 0x0000000080500000|100%|HC|  |TAMS 0x0000000080500000, 0x0000000080500000| Complete 
|   5|0x0000000080500000, 0x0000000080600000, 0x0000000080600000|100%|HC|  |TAMS 0x0000000080600000, 0x0000000080600000| Complete 
|   6|0x0000000080600000, 0x0000000080700000, 0x0000000080700000|100%| O|  |TAMS 0x0000000080700000, 0x0000000080700000| Untracked 
|   7|0x0000000080700000, 0x0000000080800000, 0x0000000080800000|100%| O|  |TAMS 0x0000000080800000, 0x0000000080800000| Untracked 
|   8|0x0000000080800000, 0x0000000080900000, 0x0000000080900000|100%| O|  |TAMS 0x0000000080900000, 0x0000000080900000| Untracked 
|   9|0x0000000080900000, 0x0000000080a00000, 0x0000000080a00000|100%| O|  |TAMS 0x0000000080a00000, 0x0000000080a00000| Untracked 
|  10|0x0000000080a00000, 0x0000000080b00000, 0x0000000080b00000|100%| O|  |TAMS 0x0000000080b00000, 0x0000000080b00000| Untracked 
|  11|0x0000000080b00000, 0x0000000080c00000, 0x0000000080c00000|100%| O|  |TAMS 0x0000000080c00000, 0x0000000080c00000| Untracked 
|  12|0x0000000080c00000, 0x0000000080d00000, 0x0000000080d00000|100%| O|  |TAMS 0x0000000080d00000, 0x0000000080d00000| Untracked 
|  13|0x0000000080d00000, 0x0000000080e00000, 0x0000000080e00000|100%| O|  |TAMS 0x0000000080e00000, 0x0000000080e00000| Untracked 
|  14|0x0000000080e00000, 0x0000000080f00000, 0x0000000080f00000|100%| O|  |TAMS 0x0000000080f00000, 0x0000000080f00000| Untracked 
|  15|0x0000000080f00000, 0x0000000081000000, 0x0000000081000000|100%|HS|  |TAMS 0x0000000081000000, 0x0000000081000000| Complete 
|  16|0x0000000081000000, 0x0000000081100000, 0x0000000081100000|100%|HC|  |TAMS 0x0000000081100000, 0x0000000081100000| Complete 
|  17|0x0000000081100000, 0x0000000081200000, 0x0000000081200000|100%|HS|  |TAMS 0x0000000081200000, 0x0000000081200000| Complete 
|  18|0x0000000081200000, 0x0000000081300000, 0x0000000081300000|100%|HC|  |TAMS 0x0000000081300000, 0x0000000081300000| Complete 
|  19|0x0000000081300000, 0x0000000081400000, 0x0000000081400000|100%|HC|  |TAMS 0x0000000081400000, 0x0000000081400000| Complete 
|  20|0x0000000081400000, 0x0000000081500000, 0x0000000081500000|100%|HS|  |TAMS 0x0000000081500000, 0x0000000081500000| Complete 
|  21|0x0000000081500000, 0x0000000081600000, 0x0000000081600000|100%|HC|  |TAMS 0x0000000081600000, 0x0000000081600000| Complete 
|  22|0x0000000081600000, 0x0000000081700000, 0x0000000081700000|100%|HC|  |TAMS 0x0000000081700000, 0x0000000081700000| Complete 
|  23|0x0000000081700000, 0x0000000081800000, 0x0000000081800000|100%|HC|  |TAMS 0x0000000081800000, 0x0000000081800000| Complete 
|  24|0x0000000081800000, 0x0000000081900000, 0x0000000081900000|100%|HC|  |TAMS 0x0000000081900000, 0x0000000081900000| Complete 
|  25|0x0000000081900000, 0x0000000081a00000, 0x0000000081a00000|100%| O|  |TAMS 0x0000000081a00000, 0x0000000081a00000| Untracked 
|  26|0x0000000081a00000, 0x0000000081b00000, 0x0000000081b00000|100%| O|  |TAMS 0x0000000081b00000, 0x0000000081b00000| Untracked 
|  27|0x0000000081b00000, 0x0000000081c00000, 0x0000000081c00000|100%| O|  |TAMS 0x0000000081c00000, 0x0000000081c00000| Untracked 
|  28|0x0000000081c00000, 0x0000000081d00000, 0x0000000081d00000|100%| O|  |TAMS 0x0000000081d00000, 0x0000000081d00000| Untracked 
|  29|0x0000000081d00000, 0x0000000081e00000, 0x0000000081e00000|100%| O|  |TAMS 0x0000000081e00000, 0x0000000081e00000| Untracked 
|  30|0x0000000081e00000, 0x0000000081f00000, 0x0000000081f00000|100%|HS|  |TAMS 0x0000000081f00000, 0x0000000081f00000| Complete 
|  31|0x0000000081f00000, 0x0000000082000000, 0x0000000082000000|100%|HC|  |TAMS 0x0000000082000000, 0x0000000082000000| Complete 
|  32|0x0000000082000000, 0x0000000082100000, 0x0000000082100000|100%|HC|  |TAMS 0x0000000082100000, 0x0000000082100000| Complete 
|  33|0x0000000082100000, 0x0000000082200000, 0x0000000082200000|100%|HC|  |TAMS 0x0000000082200000, 0x0000000082200000| Complete 
|  34|0x0000000082200000, 0x0000000082300000, 0x0000000082300000|100%|HC|  |TAMS 0x0000000082300000, 0x0000000082300000| Complete 
|  35|0x0000000082300000, 0x0000000082400000, 0x0000000082400000|100%| O|  |TAMS 0x0000000082400000, 0x0000000082400000| Untracked 
|  36|0x0000000082400000, 0x0000000082500000, 0x0000000082500000|100%| O|  |TAMS 0x0000000082500000, 0x0000000082500000| Untracked 
|  37|0x0000000082500000, 0x0000000082600000, 0x0000000082600000|100%| O|  |TAMS 0x0000000082600000, 0x0000000082600000| Untracked 
|  38|0x0000000082600000, 0x0000000082700000, 0x0000000082700000|100%|HS|  |TAMS 0x0000000082700000, 0x0000000082700000| Complete 
|  39|0x0000000082700000, 0x0000000082800000, 0x0000000082800000|100%|HC|  |TAMS 0x0000000082800000, 0x0000000082800000| Complete 
|  40|0x0000000082800000, 0x0000000082900000, 0x0000000082900000|100%|HC|  |TAMS 0x0000000082900000, 0x0000000082900000| Complete 
|  41|0x0000000082900000, 0x0000000082a00000, 0x0000000082a00000|100%| O|  |TAMS 0x0000000082a00000, 0x0000000082a00000| Untracked 
|  42|0x0000000082a00000, 0x0000000082b00000, 0x0000000082b00000|100%| O|  |TAMS 0x0000000082b00000, 0x0000000082b00000| Untracked 
|  43|0x0000000082b00000, 0x0000000082c00000, 0x0000000082c00000|100%| O|  |TAMS 0x0000000082c00000, 0x0000000082c00000| Untracked 
|  44|0x0000000082c00000, 0x0000000082d00000, 0x0000000082d00000|100%| O|  |TAMS 0x0000000082d00000, 0x0000000082d00000| Untracked 
|  45|0x0000000082d00000, 0x0000000082e00000, 0x0000000082e00000|100%| O|  |TAMS 0x0000000082e00000, 0x0000000082e00000| Untracked 
|  46|0x0000000082e00000, 0x0000000082f00000, 0x0000000082f00000|100%| O|  |TAMS 0x0000000082f00000, 0x0000000082f00000| Untracked 
|  47|0x0000000082f00000, 0x0000000083000000, 0x0000000083000000|100%| O|  |TAMS 0x0000000083000000, 0x0000000083000000| Untracked 
|  48|0x0000000083000000, 0x0000000083100000, 0x0000000083100000|100%| O|  |TAMS 0x0000000083100000, 0x0000000083100000| Untracked 
|  49|0x0000000083100000, 0x0000000083200000, 0x0000000083200000|100%| O|  |TAMS 0x0000000083200000, 0x0000000083200000| Untracked 
|  50|0x0000000083200000, 0x0000000083300000, 0x0000000083300000|100%| O|  |TAMS 0x0000000083300000, 0x0000000083300000| Untracked 
|  51|0x0000000083300000, 0x0000000083400000, 0x0000000083400000|100%| O|  |TAMS 0x0000000083400000, 0x0000000083400000| Untracked 
|  52|0x0000000083400000, 0x0000000083500000, 0x0000000083500000|100%|HS|  |TAMS 0x0000000083500000, 0x0000000083500000| Complete 
|  53|0x0000000083500000, 0x0000000083600000, 0x0000000083600000|100%|HS|  |TAMS 0x0000000083600000, 0x0000000083600000| Complete 
|  54|0x0000000083600000, 0x0000000083700000, 0x0000000083700000|100%|HS|  |TAMS 0x0000000083700000, 0x0000000083700000| Complete 
|  55|0x0000000083700000, 0x0000000083800000, 0x0000000083800000|100%|HC|  |TAMS 0x0000000083800000, 0x0000000083800000| Complete 
|  56|0x0000000083800000, 0x0000000083900000, 0x0000000083900000|100%| O|  |TAMS 0x0000000083900000, 0x0000000083900000| Untracked 
|  57|0x0000000083900000, 0x0000000083a00000, 0x0000000083a00000|100%| O|  |TAMS 0x0000000083a00000, 0x0000000083a00000| Untracked 
|  58|0x0000000083a00000, 0x0000000083b00000, 0x0000000083b00000|100%| O|  |TAMS 0x0000000083b00000, 0x0000000083b00000| Untracked 
|  59|0x0000000083b00000, 0x0000000083c00000, 0x0000000083c00000|100%| O|  |TAMS 0x0000000083c00000, 0x0000000083c00000| Untracked 
|  60|0x0000000083c00000, 0x0000000083d00000, 0x0000000083d00000|100%| O|  |TAMS 0x0000000083d00000, 0x0000000083d00000| Untracked 
|  61|0x0000000083d00000, 0x0000000083e00000, 0x0000000083e00000|100%| O|  |TAMS 0x0000000083e00000, 0x0000000083e00000| Untracked 
|  62|0x0000000083e00000, 0x0000000083f00000, 0x0000000083f00000|100%| O|  |TAMS 0x0000000083f00000, 0x0000000083f00000| Untracked 
|  63|0x0000000083f00000, 0x0000000084000000, 0x0000000084000000|100%| O|  |TAMS 0x0000000084000000, 0x0000000084000000| Untracked 
|  64|0x0000000084000000, 0x0000000084100000, 0x0000000084100000|100%| O|  |TAMS 0x0000000084100000, 0x0000000084100000| Untracked 
|  65|0x0000000084100000, 0x0000000084200000, 0x0000000084200000|100%| O|  |TAMS 0x0000000084200000, 0x0000000084200000| Untracked 
|  66|0x0000000084200000, 0x0000000084300000, 0x0000000084300000|100%| O|  |TAMS 0x0000000084300000, 0x0000000084300000| Untracked 
|  67|0x0000000084300000, 0x0000000084400000, 0x0000000084400000|100%| O|  |TAMS 0x0000000084400000, 0x0000000084400000| Untracked 
|  68|0x0000000084400000, 0x0000000084500000, 0x0000000084500000|100%| O|  |TAMS 0x00000000844d0000, 0x0000000084500000| Untracked 
|  69|0x0000000084500000, 0x0000000084600000, 0x0000000084600000|100%| O|  |TAMS 0x0000000084500000, 0x0000000084600000| Untracked 
|  70|0x0000000084600000, 0x0000000084700000, 0x0000000084700000|100%| O|  |TAMS 0x0000000084600000, 0x0000000084700000| Untracked 
|  71|0x0000000084700000, 0x0000000084800000, 0x0000000084800000|100%| O|  |TAMS 0x0000000084700000, 0x0000000084800000| Untracked 
|  72|0x0000000084800000, 0x0000000084900000, 0x0000000084900000|100%| O|  |TAMS 0x0000000084800000, 0x0000000084900000| Untracked 
|  73|0x0000000084900000, 0x0000000084a00000, 0x0000000084a00000|100%| O|  |TAMS 0x0000000084900000, 0x0000000084a00000| Untracked 
|  74|0x0000000084a00000, 0x0000000084b00000, 0x0000000084b00000|100%| O|  |TAMS 0x0000000084a00000, 0x0000000084b00000| Untracked 
|  75|0x0000000084b00000, 0x0000000084c00000, 0x0000000084c00000|100%| O|  |TAMS 0x0000000084b00000, 0x0000000084c00000| Untracked 
|  76|0x0000000084c00000, 0x0000000084d00000, 0x0000000084d00000|100%| O|  |TAMS 0x0000000084c00000, 0x0000000084d00000| Untracked 
|  77|0x0000000084d00000, 0x0000000084e00000, 0x0000000084e00000|100%| O|  |TAMS 0x0000000084d00000, 0x0000000084e00000| Untracked 
|  78|0x0000000084e00000, 0x0000000084f00000, 0x0000000084f00000|100%| O|  |TAMS 0x0000000084e00000, 0x0000000084f00000| Untracked 
|  79|0x0000000084f00000, 0x0000000085000000, 0x0000000085000000|100%| O|  |TAMS 0x0000000084f00000, 0x0000000085000000| Untracked 
|  80|0x0000000085000000, 0x0000000085100000, 0x0000000085100000|100%| O|  |TAMS 0x0000000085000000, 0x0000000085100000| Untracked 
|  81|0x0000000085100000, 0x0000000085200000, 0x0000000085200000|100%| O|  |TAMS 0x0000000085100000, 0x0000000085200000| Untracked 
|  82|0x0000000085200000, 0x0000000085300000, 0x0000000085300000|100%| O|  |TAMS 0x0000000085200000, 0x0000000085300000| Untracked 
|  83|0x0000000085300000, 0x0000000085400000, 0x0000000085400000|100%| O|  |TAMS 0x0000000085300000, 0x0000000085400000| Untracked 
|  84|0x0000000085400000, 0x0000000085500000, 0x0000000085500000|100%| O|  |TAMS 0x0000000085400000, 0x0000000085500000| Untracked 
|  85|0x0000000085500000, 0x0000000085600000, 0x0000000085600000|100%| O|  |TAMS 0x0000000085500000, 0x0000000085600000| Untracked 
|  86|0x0000000085600000, 0x0000000085700000, 0x0000000085700000|100%| O|  |TAMS 0x0000000085600000, 0x0000000085700000| Untracked 
|  87|0x0000000085700000, 0x0000000085800000, 0x0000000085800000|100%| O|  |TAMS 0x0000000085700000, 0x0000000085800000| Untracked 
|  88|0x0000000085800000, 0x0000000085900000, 0x0000000085900000|100%| O|  |TAMS 0x0000000085800000, 0x0000000085900000| Untracked 
|  89|0x0000000085900000, 0x0000000085a00000, 0x0000000085a00000|100%| O|  |TAMS 0x0000000085900000, 0x0000000085a00000| Untracked 
|  90|0x0000000085a00000, 0x0000000085b00000, 0x0000000085b00000|100%| O|  |TAMS 0x0000000085a00000, 0x0000000085b00000| Untracked 
|  91|0x0000000085b00000, 0x0000000085c00000, 0x0000000085c00000|100%| O|  |TAMS 0x0000000085b00000, 0x0000000085c00000| Untracked 
|  92|0x0000000085c00000, 0x0000000085d00000, 0x0000000085d00000|100%| O|  |TAMS 0x0000000085c00000, 0x0000000085d00000| Untracked 
|  93|0x0000000085d00000, 0x0000000085e00000, 0x0000000085e00000|100%| O|  |TAMS 0x0000000085d00000, 0x0000000085e00000| Untracked 
|  94|0x0000000085e00000, 0x0000000085f00000, 0x0000000085f00000|100%| O|  |TAMS 0x0000000085e00000, 0x0000000085f00000| Untracked 
|  95|0x0000000085f00000, 0x0000000086000000, 0x0000000086000000|100%| O|  |TAMS 0x0000000085f00000, 0x0000000086000000| Untracked 
|  96|0x0000000086000000, 0x0000000086100000, 0x0000000086100000|100%| O|  |TAMS 0x0000000086000000, 0x0000000086100000| Untracked 
|  97|0x0000000086100000, 0x0000000086200000, 0x0000000086200000|100%| O|  |TAMS 0x0000000086100000, 0x0000000086200000| Untracked 
|  98|0x0000000086200000, 0x0000000086300000, 0x0000000086300000|100%| O|  |TAMS 0x0000000086200000, 0x0000000086300000| Untracked 
|  99|0x0000000086300000, 0x0000000086400000, 0x0000000086400000|100%| O|  |TAMS 0x0000000086300000, 0x0000000086400000| Untracked 
| 100|0x0000000086400000, 0x0000000086500000, 0x0000000086500000|100%| O|  |TAMS 0x0000000086400000, 0x0000000086500000| Untracked 
| 101|0x0000000086500000, 0x0000000086600000, 0x0000000086600000|100%| O|  |TAMS 0x0000000086500000, 0x0000000086600000| Untracked 
| 102|0x0000000086600000, 0x0000000086700000, 0x0000000086700000|100%| O|  |TAMS 0x0000000086600000, 0x0000000086700000| Untracked 
| 103|0x0000000086700000, 0x0000000086800000, 0x0000000086800000|100%| O|  |TAMS 0x0000000086700000, 0x0000000086800000| Untracked 
| 104|0x0000000086800000, 0x0000000086900000, 0x0000000086900000|100%| O|  |TAMS 0x0000000086800000, 0x0000000086900000| Untracked 
| 105|0x0000000086900000, 0x0000000086a00000, 0x0000000086a00000|100%| O|  |TAMS 0x0000000086900000, 0x0000000086a00000| Untracked 
| 106|0x0000000086a00000, 0x0000000086b00000, 0x0000000086b00000|100%| O|  |TAMS 0x0000000086a00000, 0x0000000086b00000| Untracked 
| 107|0x0000000086b00000, 0x0000000086beec00, 0x0000000086c00000| 93%| O|  |TAMS 0x0000000086b00000, 0x0000000086beec00| Untracked 
| 108|0x0000000086c00000, 0x0000000086d00000, 0x0000000086d00000|100%|HS|  |TAMS 0x0000000086c00000, 0x0000000086c00000| Complete 
| 109|0x0000000086d00000, 0x0000000086e00000, 0x0000000086e00000|100%|HS|  |TAMS 0x0000000086d00000, 0x0000000086d00000| Complete 
| 110|0x0000000086e00000, 0x0000000086f00000, 0x0000000086f00000|100%|HS|  |TAMS 0x0000000086e00000, 0x0000000086e00000| Complete 
| 111|0x0000000086f00000, 0x0000000086f00000, 0x0000000087000000|  0%| F|  |TAMS 0x0000000086f00000, 0x0000000086f00000| Untracked 
| 112|0x0000000087000000, 0x0000000087000000, 0x0000000087100000|  0%| F|  |TAMS 0x0000000087000000, 0x0000000087000000| Untracked 
| 113|0x0000000087100000, 0x0000000087100000, 0x0000000087200000|  0%| F|  |TAMS 0x0000000087100000, 0x0000000087100000| Untracked 
| 114|0x0000000087200000, 0x0000000087200000, 0x0000000087300000|  0%| F|  |TAMS 0x0000000087200000, 0x0000000087200000| Untracked 
| 115|0x0000000087300000, 0x0000000087300000, 0x0000000087400000|  0%| F|  |TAMS 0x0000000087300000, 0x0000000087300000| Untracked 
| 116|0x0000000087400000, 0x0000000087400000, 0x0000000087500000|  0%| F|  |TAMS 0x0000000087400000, 0x0000000087400000| Untracked 
| 117|0x0000000087500000, 0x0000000087500000, 0x0000000087600000|  0%| F|  |TAMS 0x0000000087500000, 0x0000000087500000| Untracked 
| 118|0x0000000087600000, 0x0000000087600000, 0x0000000087700000|  0%| F|  |TAMS 0x0000000087600000, 0x0000000087600000| Untracked 
| 119|0x0000000087700000, 0x0000000087700000, 0x0000000087800000|  0%| F|  |TAMS 0x0000000087700000, 0x0000000087700000| Untracked 
| 120|0x0000000087800000, 0x0000000087800000, 0x0000000087900000|  0%| F|  |TAMS 0x0000000087800000, 0x0000000087800000| Untracked 
| 121|0x0000000087900000, 0x0000000087900000, 0x0000000087a00000|  0%| F|  |TAMS 0x0000000087900000, 0x0000000087900000| Untracked 
| 122|0x0000000087a00000, 0x0000000087a00000, 0x0000000087b00000|  0%| F|  |TAMS 0x0000000087a00000, 0x0000000087a00000| Untracked 
| 123|0x0000000087b00000, 0x0000000087b00000, 0x0000000087c00000|  0%| F|  |TAMS 0x0000000087b00000, 0x0000000087b00000| Untracked 
| 124|0x0000000087c00000, 0x0000000087c00000, 0x0000000087d00000|  0%| F|  |TAMS 0x0000000087c00000, 0x0000000087c00000| Untracked 
| 125|0x0000000087d00000, 0x0000000087d00000, 0x0000000087e00000|  0%| F|  |TAMS 0x0000000087d00000, 0x0000000087d00000| Untracked 
| 126|0x0000000087e00000, 0x0000000087e00000, 0x0000000087f00000|  0%| F|  |TAMS 0x0000000087e00000, 0x0000000087e00000| Untracked 
| 127|0x0000000087f00000, 0x0000000087f00000, 0x0000000088000000|  0%| F|  |TAMS 0x0000000087f00000, 0x0000000087f00000| Untracked 
| 128|0x0000000088000000, 0x0000000088000000, 0x0000000088100000|  0%| F|  |TAMS 0x0000000088000000, 0x0000000088000000| Untracked 
| 129|0x0000000088100000, 0x0000000088100000, 0x0000000088200000|  0%| F|  |TAMS 0x0000000088100000, 0x0000000088100000| Untracked 
| 130|0x0000000088200000, 0x0000000088200000, 0x0000000088300000|  0%| F|  |TAMS 0x0000000088200000, 0x0000000088200000| Untracked 
| 131|0x0000000088300000, 0x0000000088300000, 0x0000000088400000|  0%| F|  |TAMS 0x0000000088300000, 0x0000000088300000| Untracked 
| 132|0x0000000088400000, 0x0000000088400000, 0x0000000088500000|  0%| F|  |TAMS 0x0000000088400000, 0x0000000088400000| Untracked 
| 133|0x0000000088500000, 0x0000000088500000, 0x0000000088600000|  0%| F|  |TAMS 0x0000000088500000, 0x0000000088500000| Untracked 
| 134|0x0000000088600000, 0x0000000088600000, 0x0000000088700000|  0%| F|  |TAMS 0x0000000088600000, 0x0000000088600000| Untracked 
| 135|0x0000000088700000, 0x0000000088700000, 0x0000000088800000|  0%| F|  |TAMS 0x0000000088700000, 0x0000000088700000| Untracked 
| 136|0x0000000088800000, 0x0000000088800000, 0x0000000088900000|  0%| F|  |TAMS 0x0000000088800000, 0x0000000088800000| Untracked 
| 137|0x0000000088900000, 0x0000000088900000, 0x0000000088a00000|  0%| F|  |TAMS 0x0000000088900000, 0x0000000088900000| Untracked 
| 138|0x0000000088a00000, 0x0000000088a00000, 0x0000000088b00000|  0%| F|  |TAMS 0x0000000088a00000, 0x0000000088a00000| Untracked 
| 139|0x0000000088b00000, 0x0000000088b00000, 0x0000000088c00000|  0%| F|  |TAMS 0x0000000088b00000, 0x0000000088b00000| Untracked 
| 140|0x0000000088c00000, 0x0000000088c00000, 0x0000000088d00000|  0%| F|  |TAMS 0x0000000088c00000, 0x0000000088c00000| Untracked 
| 141|0x0000000088d00000, 0x0000000088d00000, 0x0000000088e00000|  0%| F|  |TAMS 0x0000000088d00000, 0x0000000088d00000| Untracked 
| 142|0x0000000088e00000, 0x0000000088e00000, 0x0000000088f00000|  0%| F|  |TAMS 0x0000000088e00000, 0x0000000088e00000| Untracked 
| 143|0x0000000088f00000, 0x0000000088f00000, 0x0000000089000000|  0%| F|  |TAMS 0x0000000088f00000, 0x0000000088f00000| Untracked 
| 144|0x0000000089000000, 0x0000000089000000, 0x0000000089100000|  0%| F|  |TAMS 0x0000000089000000, 0x0000000089000000| Untracked 
| 145|0x0000000089100000, 0x0000000089100000, 0x0000000089200000|  0%| F|  |TAMS 0x0000000089100000, 0x0000000089100000| Untracked 
| 146|0x0000000089200000, 0x0000000089200000, 0x0000000089300000|  0%| F|  |TAMS 0x0000000089200000, 0x0000000089200000| Untracked 
| 147|0x0000000089300000, 0x0000000089300000, 0x0000000089400000|  0%| F|  |TAMS 0x0000000089300000, 0x0000000089300000| Untracked 
| 148|0x0000000089400000, 0x0000000089400000, 0x0000000089500000|  0%| F|  |TAMS 0x0000000089400000, 0x0000000089400000| Untracked 
| 149|0x0000000089500000, 0x0000000089500000, 0x0000000089600000|  0%| F|  |TAMS 0x0000000089500000, 0x0000000089500000| Untracked 
| 150|0x0000000089600000, 0x0000000089600000, 0x0000000089700000|  0%| F|  |TAMS 0x0000000089600000, 0x0000000089600000| Untracked 
| 151|0x0000000089700000, 0x0000000089700000, 0x0000000089800000|  0%| F|  |TAMS 0x0000000089700000, 0x0000000089700000| Untracked 
| 152|0x0000000089800000, 0x0000000089800000, 0x0000000089900000|  0%| F|  |TAMS 0x0000000089800000, 0x0000000089800000| Untracked 
| 153|0x0000000089900000, 0x0000000089900000, 0x0000000089a00000|  0%| F|  |TAMS 0x0000000089900000, 0x0000000089900000| Untracked 
| 154|0x0000000089a00000, 0x0000000089a00000, 0x0000000089b00000|  0%| F|  |TAMS 0x0000000089a00000, 0x0000000089a00000| Untracked 
| 155|0x0000000089b00000, 0x0000000089b00000, 0x0000000089c00000|  0%| F|  |TAMS 0x0000000089b00000, 0x0000000089b00000| Untracked 
| 156|0x0000000089c00000, 0x0000000089c00000, 0x0000000089d00000|  0%| F|  |TAMS 0x0000000089c00000, 0x0000000089c00000| Untracked 
| 157|0x0000000089d00000, 0x0000000089d00000, 0x0000000089e00000|  0%| F|  |TAMS 0x0000000089d00000, 0x0000000089d00000| Untracked 
| 158|0x0000000089e00000, 0x0000000089e00000, 0x0000000089f00000|  0%| F|  |TAMS 0x0000000089e00000, 0x0000000089e00000| Untracked 
| 159|0x0000000089f00000, 0x0000000089f00000, 0x000000008a000000|  0%| F|  |TAMS 0x0000000089f00000, 0x0000000089f00000| Untracked 
| 160|0x000000008a000000, 0x000000008a000000, 0x000000008a100000|  0%| F|  |TAMS 0x000000008a000000, 0x000000008a000000| Untracked 
| 161|0x000000008a100000, 0x000000008a100000, 0x000000008a200000|  0%| F|  |TAMS 0x000000008a100000, 0x000000008a100000| Untracked 
| 162|0x000000008a200000, 0x000000008a200000, 0x000000008a300000|  0%| F|  |TAMS 0x000000008a200000, 0x000000008a200000| Untracked 
| 163|0x000000008a300000, 0x000000008a300000, 0x000000008a400000|  0%| F|  |TAMS 0x000000008a300000, 0x000000008a300000| Untracked 
| 164|0x000000008a400000, 0x000000008a400000, 0x000000008a500000|  0%| F|  |TAMS 0x000000008a400000, 0x000000008a400000| Untracked 
| 165|0x000000008a500000, 0x000000008a500000, 0x000000008a600000|  0%| F|  |TAMS 0x000000008a500000, 0x000000008a500000| Untracked 
| 166|0x000000008a600000, 0x000000008a600000, 0x000000008a700000|  0%| F|  |TAMS 0x000000008a600000, 0x000000008a600000| Untracked 
| 167|0x000000008a700000, 0x000000008a700000, 0x000000008a800000|  0%| F|  |TAMS 0x000000008a700000, 0x000000008a700000| Untracked 
| 168|0x000000008a800000, 0x000000008a800000, 0x000000008a900000|  0%| F|  |TAMS 0x000000008a800000, 0x000000008a800000| Untracked 
| 169|0x000000008a900000, 0x000000008a900000, 0x000000008aa00000|  0%| F|  |TAMS 0x000000008a900000, 0x000000008a900000| Untracked 
| 170|0x000000008aa00000, 0x000000008aa00000, 0x000000008ab00000|  0%| F|  |TAMS 0x000000008aa00000, 0x000000008aa00000| Untracked 
| 171|0x000000008ab00000, 0x000000008ab00000, 0x000000008ac00000|  0%| F|  |TAMS 0x000000008ab00000, 0x000000008ab00000| Untracked 
| 172|0x000000008ac00000, 0x000000008ac00000, 0x000000008ad00000|  0%| F|  |TAMS 0x000000008ac00000, 0x000000008ac00000| Untracked 
| 173|0x000000008ad00000, 0x000000008ad00000, 0x000000008ae00000|  0%| F|  |TAMS 0x000000008ad00000, 0x000000008ad00000| Untracked 
| 174|0x000000008ae00000, 0x000000008ae00000, 0x000000008af00000|  0%| F|  |TAMS 0x000000008ae00000, 0x000000008ae00000| Untracked 
| 175|0x000000008af00000, 0x000000008af00000, 0x000000008b000000|  0%| F|  |TAMS 0x000000008af00000, 0x000000008af00000| Untracked 
| 176|0x000000008b000000, 0x000000008b000000, 0x000000008b100000|  0%| F|  |TAMS 0x000000008b000000, 0x000000008b000000| Untracked 
| 177|0x000000008b100000, 0x000000008b100000, 0x000000008b200000|  0%| F|  |TAMS 0x000000008b100000, 0x000000008b100000| Untracked 
| 178|0x000000008b200000, 0x000000008b200000, 0x000000008b300000|  0%| F|  |TAMS 0x000000008b200000, 0x000000008b200000| Untracked 
| 179|0x000000008b300000, 0x000000008b300000, 0x000000008b400000|  0%| F|  |TAMS 0x000000008b300000, 0x000000008b300000| Untracked 
| 180|0x000000008b400000, 0x000000008b400000, 0x000000008b500000|  0%| F|  |TAMS 0x000000008b400000, 0x000000008b400000| Untracked 
| 181|0x000000008b500000, 0x000000008b500000, 0x000000008b600000|  0%| F|  |TAMS 0x000000008b500000, 0x000000008b500000| Untracked 
| 182|0x000000008b600000, 0x000000008b600000, 0x000000008b700000|  0%| F|  |TAMS 0x000000008b600000, 0x000000008b600000| Untracked 
| 183|0x000000008b700000, 0x000000008b700000, 0x000000008b800000|  0%| F|  |TAMS 0x000000008b700000, 0x000000008b700000| Untracked 
| 184|0x000000008b800000, 0x000000008b800000, 0x000000008b900000|  0%| F|  |TAMS 0x000000008b800000, 0x000000008b800000| Untracked 
| 185|0x000000008b900000, 0x000000008b900000, 0x000000008ba00000|  0%| F|  |TAMS 0x000000008b900000, 0x000000008b900000| Untracked 
| 186|0x000000008ba00000, 0x000000008ba00000, 0x000000008bb00000|  0%| F|  |TAMS 0x000000008ba00000, 0x000000008ba00000| Untracked 
| 187|0x000000008bb00000, 0x000000008bb00000, 0x000000008bc00000|  0%| F|  |TAMS 0x000000008bb00000, 0x000000008bb00000| Untracked 
| 188|0x000000008bc00000, 0x000000008bc00000, 0x000000008bd00000|  0%| F|  |TAMS 0x000000008bc00000, 0x000000008bc00000| Untracked 
| 189|0x000000008bd00000, 0x000000008bd73538, 0x000000008be00000| 45%| S|CS|TAMS 0x000000008bd00000, 0x000000008bd00000| Complete 
| 190|0x000000008be00000, 0x000000008bf00000, 0x000000008bf00000|100%| S|CS|TAMS 0x000000008be00000, 0x000000008be00000| Complete 
| 191|0x000000008bf00000, 0x000000008c000000, 0x000000008c000000|100%| S|CS|TAMS 0x000000008bf00000, 0x000000008bf00000| Complete 
| 192|0x000000008c000000, 0x000000008c100000, 0x000000008c100000|100%| S|CS|TAMS 0x000000008c000000, 0x000000008c000000| Complete 
| 193|0x000000008c100000, 0x000000008c200000, 0x000000008c200000|100%| S|CS|TAMS 0x000000008c100000, 0x000000008c100000| Complete 
| 194|0x000000008c200000, 0x000000008c300000, 0x000000008c300000|100%| S|CS|TAMS 0x000000008c200000, 0x000000008c200000| Complete 
| 195|0x000000008c300000, 0x000000008c400000, 0x000000008c400000|100%| S|CS|TAMS 0x000000008c300000, 0x000000008c300000| Complete 
| 196|0x000000008c400000, 0x000000008c500000, 0x000000008c500000|100%| S|CS|TAMS 0x000000008c400000, 0x000000008c400000| Complete 
| 197|0x000000008c500000, 0x000000008c600000, 0x000000008c600000|100%| S|CS|TAMS 0x000000008c500000, 0x000000008c500000| Complete 
| 198|0x000000008c600000, 0x000000008c600000, 0x000000008c700000|  0%| F|  |TAMS 0x000000008c600000, 0x000000008c600000| Untracked 
| 199|0x000000008c700000, 0x000000008c700000, 0x000000008c800000|  0%| F|  |TAMS 0x000000008c700000, 0x000000008c700000| Untracked 
| 200|0x000000008c800000, 0x000000008c800000, 0x000000008c900000|  0%| F|  |TAMS 0x000000008c800000, 0x000000008c800000| Untracked 
| 201|0x000000008c900000, 0x000000008c900000, 0x000000008ca00000|  0%| F|  |TAMS 0x000000008c900000, 0x000000008c900000| Untracked 
| 202|0x000000008ca00000, 0x000000008ca00000, 0x000000008cb00000|  0%| F|  |TAMS 0x000000008ca00000, 0x000000008ca00000| Untracked 
| 203|0x000000008cb00000, 0x000000008cb00000, 0x000000008cc00000|  0%| F|  |TAMS 0x000000008cb00000, 0x000000008cb00000| Untracked 
| 204|0x000000008cc00000, 0x000000008cc00000, 0x000000008cd00000|  0%| F|  |TAMS 0x000000008cc00000, 0x000000008cc00000| Untracked 
| 205|0x000000008cd00000, 0x000000008cd00000, 0x000000008ce00000|  0%| F|  |TAMS 0x000000008cd00000, 0x000000008cd00000| Untracked 
| 206|0x000000008ce00000, 0x000000008ce00000, 0x000000008cf00000|  0%| F|  |TAMS 0x000000008ce00000, 0x000000008ce00000| Untracked 
| 207|0x000000008cf00000, 0x000000008cf00000, 0x000000008d000000|  0%| F|  |TAMS 0x000000008cf00000, 0x000000008cf00000| Untracked 
| 208|0x000000008d000000, 0x000000008d000000, 0x000000008d100000|  0%| F|  |TAMS 0x000000008d000000, 0x000000008d000000| Untracked 
| 209|0x000000008d100000, 0x000000008d100000, 0x000000008d200000|  0%| F|  |TAMS 0x000000008d100000, 0x000000008d100000| Untracked 
| 210|0x000000008d200000, 0x000000008d200000, 0x000000008d300000|  0%| F|  |TAMS 0x000000008d200000, 0x000000008d200000| Untracked 
| 211|0x000000008d300000, 0x000000008d300000, 0x000000008d400000|  0%| F|  |TAMS 0x000000008d300000, 0x000000008d300000| Untracked 
| 212|0x000000008d400000, 0x000000008d400000, 0x000000008d500000|  0%| F|  |TAMS 0x000000008d400000, 0x000000008d400000| Untracked 
| 213|0x000000008d500000, 0x000000008d500000, 0x000000008d600000|  0%| F|  |TAMS 0x000000008d500000, 0x000000008d500000| Untracked 
| 214|0x000000008d600000, 0x000000008d600000, 0x000000008d700000|  0%| F|  |TAMS 0x000000008d600000, 0x000000008d600000| Untracked 
| 215|0x000000008d700000, 0x000000008d700000, 0x000000008d800000|  0%| F|  |TAMS 0x000000008d700000, 0x000000008d700000| Untracked 
| 216|0x000000008d800000, 0x000000008d800000, 0x000000008d900000|  0%| F|  |TAMS 0x000000008d800000, 0x000000008d800000| Untracked 
| 217|0x000000008d900000, 0x000000008d900000, 0x000000008da00000|  0%| F|  |TAMS 0x000000008d900000, 0x000000008d900000| Untracked 
| 218|0x000000008da00000, 0x000000008da30c88, 0x000000008db00000| 19%| E|  |TAMS 0x000000008da00000, 0x000000008da00000| Complete 
| 219|0x000000008db00000, 0x000000008dc00000, 0x000000008dc00000|100%| E|CS|TAMS 0x000000008db00000, 0x000000008db00000| Complete 

Card table byte_map: [0x000001e35de10000,0x000001e35e210000] _byte_map_base: 0x000001e35da10000

Marking Bits (Prev, Next): (CMBitMap*) 0x000001e34af5f988, (CMBitMap*) 0x000001e34af5f9c0
 Prev Bits: [0x000001e35e610000, 0x000001e360610000)
 Next Bits: [0x000001e360610000, 0x000001e362610000)

Polling page: 0x000001e348e80000

Metaspace:

Usage:
  Non-class:     95.98 MB capacity,    93.96 MB ( 98%) used,     1.69 MB (  2%) free+waste,   341.81 KB ( <1%) overhead. 
      Class:     14.89 MB capacity,    13.79 MB ( 93%) used,   964.38 KB (  6%) free+waste,   157.38 KB (  1%) overhead. 
       Both:    110.87 MB capacity,   107.75 MB ( 97%) used,     2.63 MB (  2%) free+waste,   499.19 KB ( <1%) overhead. 

Virtual space:
  Non-class space:       96.00 MB reserved,      96.00 MB (100%) committed 
      Class space:        1.00 GB reserved,      15.00 MB (  1%) committed 
             Both:        1.09 GB reserved,     111.00 MB ( 10%) committed 

Chunk freelists:
   Non-Class:  18.00 KB
       Class:  21.00 KB
        Both:  39.00 KB

MaxMetaspaceSize: 17179869184.00 GB
CompressedClassSpaceSize: 1.00 GB

CodeHeap 'non-profiled nmethods': size=120064Kb used=8967Kb max_used=8967Kb free=111096Kb
 bounds [0x000001e3564d0000, 0x000001e356da0000, 0x000001e35da10000]
CodeHeap 'profiled nmethods': size=120000Kb used=31890Kb max_used=31890Kb free=88109Kb
 bounds [0x000001e34efa0000, 0x000001e350ed0000, 0x000001e3564d0000]
CodeHeap 'non-nmethods': size=5696Kb used=2354Kb max_used=2405Kb free=3341Kb
 bounds [0x000001e34ea10000, 0x000001e34ec80000, 0x000001e34efa0000]
 total_blobs=15101 nmethods=14140 adapters=870
 compilation: enabled
              stopped_count=0, restarted_count=0
 full_count=0

Compilation events (20 events):
Event: 1842.558 Thread 0x000001e364b19800 nmethod 14244 0x000001e350eb3390 code [0x000001e350eb35a0, 0x000001e350eb3ad8]
Event: 1842.558 Thread 0x000001e364b12000 14245       4       org.apache.xerces.parsers.AbstractSAXParser::endNamespaceMapping (47 bytes)
Event: 1842.560 Thread 0x000001e364b12000 nmethod 14245 0x000001e356d8f210 code [0x000001e356d8f3c0, 0x000001e356d8f588]
Event: 1842.560 Thread 0x000001e36f135800 14246   !   4       org.apache.xerces.parsers.AbstractSAXParser::endElement (108 bytes)
Event: 1842.574 Thread 0x000001e36f135800 nmethod 14246 0x000001e356d8f790 code [0x000001e356d8fa20, 0x000001e356d90630]
Event: 1842.678 Thread 0x000001e364b12000 14248       4       org.apache.xerces.dom.NodeImpl::getUserData (10 bytes)
Event: 1842.682 Thread 0x000001e364b12000 nmethod 14248 0x000001e356d91210 code [0x000001e356d913e0, 0x000001e356d916a8]
Event: 1842.682 Thread 0x000001e364b12000 14249       4       org.apache.xerces.dom.CoreDocumentImpl::getUserData (56 bytes)
Event: 1842.682 Thread 0x000001e364b19800 14250       3       org.apache.xerces.impl.XMLNSDocumentScannerImpl::scanAttribute (586 bytes)
Event: 1842.685 Thread 0x000001e364b19800 nmethod 14250 0x000001e350eb3d10 code [0x000001e350eb4300, 0x000001e350eb7b98]
Event: 1842.685 Thread 0x000001e364b12000 nmethod 14249 0x000001e356d91a10 code [0x000001e356d91be0, 0x000001e356d91eb8]
Event: 1842.686 Thread 0x000001e364b19800 14251       3       org.apache.xerces.impl.XMLScanner::normalizeWhitespace (56 bytes)
Event: 1842.686 Thread 0x000001e364b19800 nmethod 14251 0x000001e350eb9010 code [0x000001e350eb91e0, 0x000001e350eb9438]
Event: 1842.686 Thread 0x000001e364b19800 14252       3       org.apache.xerces.impl.XMLEntityScanner::scanLiteral (746 bytes)
Event: 1842.687 Thread 0x000001e364b19800 nmethod 14252 0x000001e350eb9590 code [0x000001e350eb9840, 0x000001e350eba9f8]
Event: 1842.687 Thread 0x000001e364b19800 14253       3       org.apache.xerces.util.XMLStringBuffer::append (17 bytes)
Event: 1842.687 Thread 0x000001e364b19800 nmethod 14253 0x000001e350ebb090 code [0x000001e350ebb240, 0x000001e350ebb388]
Event: 1842.687 Thread 0x000001e364b19800 14254       3       org.apache.xerces.impl.XMLScanner::scanAttributeValue (1007 bytes)
Event: 1842.688 Thread 0x000001e364b12000 14255       4       org.apache.xerces.impl.XMLEntityScanner::scanData (1105 bytes)
Event: 1842.691 Thread 0x000001e364b19800 nmethod 14254 0x000001e350ebb490 code [0x000001e350ebbde0, 0x000001e350ec2908]

GC Heap History (20 events):
Event: 6.427 GC heap before
{Heap before GC invocations=12 (full 0):
 garbage-first heap   total 187392K, used 125716K [0x0000000080000000, 0x0000000100000000)
  region size 1024K, 70 young (71680K), 8 survivors (8192K)
 Metaspace       used 58252K, capacity 60021K, committed 60160K, reserved 1101824K
  class space    used 7467K, capacity 8070K, committed 8192K, reserved 1048576K
}
Event: 6.439 GC heap after
{Heap after GC invocations=13 (full 0):
 garbage-first heap   total 187392K, used 71577K [0x0000000080000000, 0x0000000100000000)
  region size 1024K, 11 young (11264K), 11 survivors (11264K)
 Metaspace       used 58252K, capacity 60021K, committed 60160K, reserved 1101824K
  class space    used 7467K, capacity 8070K, committed 8192K, reserved 1048576K
}
Event: 7.339 GC heap before
{Heap before GC invocations=14 (full 0):
 garbage-first heap   total 187392K, used 144281K [0x0000000080000000, 0x0000000100000000)
  region size 1024K, 83 young (84992K), 11 survivors (11264K)
 Metaspace       used 68112K, capacity 70059K, committed 70400K, reserved 1110016K
  class space    used 8683K, capacity 9363K, committed 9472K, reserved 1048576K
}
Event: 7.353 GC heap after
{Heap after GC invocations=15 (full 0):
 garbage-first heap   total 187392K, used 76323K [0x0000000080000000, 0x0000000100000000)
  region size 1024K, 6 young (6144K), 6 survivors (6144K)
 Metaspace       used 68112K, capacity 70059K, committed 70400K, reserved 1110016K
  class space    used 8683K, capacity 9363K, committed 9472K, reserved 1048576K
}
Event: 8.002 GC heap before
{Heap before GC invocations=16 (full 0):
 garbage-first heap   total 187392K, used 148003K [0x0000000080000000, 0x0000000100000000)
  region size 1024K, 76 young (77824K), 6 survivors (6144K)
 Metaspace       used 73299K, capacity 75319K, committed 75520K, reserved 1114112K
  class space    used 9439K, capacity 10128K, committed 10240K, reserved 1048576K
}
Event: 8.012 GC heap after
{Heap after GC invocations=17 (full 0):
 garbage-first heap   total 187392K, used 80704K [0x0000000080000000, 0x0000000100000000)
  region size 1024K, 10 young (10240K), 10 survivors (10240K)
 Metaspace       used 73299K, capacity 75319K, committed 75520K, reserved 1114112K
  class space    used 9439K, capacity 10128K, committed 10240K, reserved 1048576K
}
Event: 8.659 GC heap before
{Heap before GC invocations=17 (full 0):
 garbage-first heap   total 187392K, used 150336K [0x0000000080000000, 0x0000000100000000)
  region size 1024K, 78 young (79872K), 10 survivors (10240K)
 Metaspace       used 79752K, capacity 82010K, committed 82048K, reserved 1120256K
  class space    used 10379K, capacity 11105K, committed 11136K, reserved 1048576K
}
Event: 8.669 GC heap after
{Heap after GC invocations=18 (full 0):
 garbage-first heap   total 225280K, used 84578K [0x0000000080000000, 0x0000000100000000)
  region size 1024K, 9 young (9216K), 9 survivors (9216K)
 Metaspace       used 79752K, capacity 82010K, committed 82048K, reserved 1120256K
  class space    used 10379K, capacity 11105K, committed 11136K, reserved 1048576K
}
Event: 9.502 GC heap before
{Heap before GC invocations=18 (full 0):
 garbage-first heap   total 225280K, used 173666K [0x0000000080000000, 0x0000000100000000)
  region size 1024K, 96 young (98304K), 9 survivors (9216K)
 Metaspace       used 88443K, capacity 90848K, committed 91136K, reserved 1128448K
  class space    used 11417K, capacity 12220K, committed 12288K, reserved 1048576K
}
Event: 9.516 GC heap after
{Heap after GC invocations=19 (full 0):
 garbage-first heap   total 225280K, used 90255K [0x0000000080000000, 0x0000000100000000)
  region size 1024K, 10 young (10240K), 10 survivors (10240K)
 Metaspace       used 88443K, capacity 90848K, committed 91136K, reserved 1128448K
  class space    used 11417K, capacity 12220K, committed 12288K, reserved 1048576K
}
Event: 10.557 GC heap before
{Heap before GC invocations=19 (full 0):
 garbage-first heap   total 225280K, used 178319K [0x0000000080000000, 0x0000000100000000)
  region size 1024K, 97 young (99328K), 10 survivors (10240K)
 Metaspace       used 92469K, capacity 95128K, committed 95360K, reserved 1132544K
  class space    used 11914K, capacity 12826K, committed 12928K, reserved 1048576K
}
Event: 10.571 GC heap after
{Heap after GC invocations=20 (full 0):
 garbage-first heap   total 225280K, used 95686K [0x0000000080000000, 0x0000000100000000)
  region size 1024K, 11 young (11264K), 11 survivors (11264K)
 Metaspace       used 92469K, capacity 95128K, committed 95360K, reserved 1132544K
  class space    used 11914K, capacity 12826K, committed 12928K, reserved 1048576K
}
Event: 12.777 GC heap before
{Heap before GC invocations=20 (full 0):
 garbage-first heap   total 225280K, used 181702K [0x0000000080000000, 0x0000000100000000)
  region size 1024K, 96 young (98304K), 11 survivors (11264K)
 Metaspace       used 102151K, capacity 105047K, committed 105216K, reserved 1140736K
  class space    used 13188K, capacity 14229K, committed 14336K, reserved 1048576K
}
Event: 12.792 GC heap after
{Heap after GC invocations=21 (full 0):
 garbage-first heap   total 225280K, used 101505K [0x0000000080000000, 0x0000000100000000)
  region size 1024K, 11 young (11264K), 11 survivors (11264K)
 Metaspace       used 102151K, capacity 105047K, committed 105216K, reserved 1140736K
  class space    used 13188K, capacity 14229K, committed 14336K, reserved 1048576K
}
Event: 1840.058 GC heap before
{Heap before GC invocations=21 (full 0):
 garbage-first heap   total 225280K, used 184449K [0x0000000080000000, 0x0000000100000000)
  region size 1024K, 92 young (94208K), 11 survivors (11264K)
 Metaspace       used 105725K, capacity 108811K, committed 108928K, reserved 1142784K
  class space    used 13596K, capacity 14696K, committed 14720K, reserved 1048576K
}
Event: 1840.074 GC heap after
{Heap after GC invocations=22 (full 0):
 garbage-first heap   total 225280K, used 104645K [0x0000000080000000, 0x0000000100000000)
  region size 1024K, 9 young (9216K), 9 survivors (9216K)
 Metaspace       used 105725K, capacity 108811K, committed 108928K, reserved 1142784K
  class space    used 13596K, capacity 14696K, committed 14720K, reserved 1048576K
}
Event: 1841.690 GC heap before
{Heap before GC invocations=22 (full 0):
 garbage-first heap   total 225280K, used 185541K [0x0000000080000000, 0x0000000100000000)
  region size 1024K, 89 young (91136K), 9 survivors (9216K)
 Metaspace       used 110183K, capacity 113401K, committed 113664K, reserved 1146880K
  class space    used 14121K, capacity 15243K, committed 15360K, reserved 1048576K
}
Event: 1841.704 GC heap after
{Heap after GC invocations=23 (full 0):
 garbage-first heap   total 225280K, used 111073K [0x0000000080000000, 0x0000000100000000)
  region size 1024K, 10 young (10240K), 10 survivors (10240K)
 Metaspace       used 110183K, capacity 113401K, committed 113664K, reserved 1146880K
  class space    used 14121K, capacity 15243K, committed 15360K, reserved 1048576K
}
Event: 1842.449 GC heap before
{Heap before GC invocations=23 (full 0):
 garbage-first heap   total 225280K, used 132577K [0x0000000080000000, 0x0000000100000000)
  region size 1024K, 32 young (32768K), 10 survivors (10240K)
 Metaspace       used 110335K, capacity 113529K, committed 113664K, reserved 1146880K
  class space    used 14121K, capacity 15243K, committed 15360K, reserved 1048576K
}
Event: 1842.541 GC heap after
{Heap after GC invocations=24 (full 0):
 garbage-first heap   total 225280K, used 119176K [0x0000000080000000, 0x0000000100000000)
  region size 1024K, 9 young (9216K), 9 survivors (9216K)
 Metaspace       used 110335K, capacity 113529K, committed 113664K, reserved 1146880K
  class space    used 14121K, capacity 15243K, committed 15360K, reserved 1048576K
}

Deoptimization events (20 events):
Event: 1842.410 Thread 0x000001e367e02000 Uncommon trap: trap_request=0xffffff4d fr.pc=0x000001e356d50ae4 relative=0x00000000000002a4
Event: 1842.410 Thread 0x000001e367e02000 Uncommon trap: reason=unstable_if action=reinterpret pc=0x000001e356d50ae4 method=org.apache.xerces.dom.ParentNode.nodeListItem(I)Lorg/w3c/dom/Node; @ 4 c2
Event: 1842.410 Thread 0x000001e367e02000 DEOPT PACKING pc=0x000001e356d50ae4 sp=0x00000082352f9fe0
Event: 1842.410 Thread 0x000001e367e02000 DEOPT UNPACKING pc=0x000001e34ea183af sp=0x00000082352f9f98 mode 2
Event: 1842.682 Thread 0x000001e367e02000 Uncommon trap: trap_request=0xffffff4d fr.pc=0x000001e356d5e4e0 relative=0x0000000000000ba0
Event: 1842.682 Thread 0x000001e367e02000 Uncommon trap: reason=unstable_if action=reinterpret pc=0x000001e356d5e4e0 method=org.apache.xerces.impl.XMLNSDocumentScannerImpl.scanAttribute(Lorg/apache/xerces/util/XMLAttributesImpl;)V @ 276 c2
Event: 1842.682 Thread 0x000001e367e02000 DEOPT PACKING pc=0x000001e356d5e4e0 sp=0x00000082352f98c0
Event: 1842.682 Thread 0x000001e367e02000 DEOPT UNPACKING pc=0x000001e34ea183af sp=0x00000082352f9878 mode 2
Event: 1842.685 Thread 0x000001e367e02000 Uncommon trap: trap_request=0xffffff4d fr.pc=0x000001e356d39b84 relative=0x0000000000000664
Event: 1842.685 Thread 0x000001e367e02000 Uncommon trap: reason=unstable_if action=reinterpret pc=0x000001e356d39b84 method=org.apache.xerces.impl.XMLEntityScanner.scanLiteral(ILorg/apache/xerces/xni/XMLString;)I @ 606 c2
Event: 1842.685 Thread 0x000001e367e02000 DEOPT PACKING pc=0x000001e356d39b84 sp=0x00000082352f96e0
Event: 1842.685 Thread 0x000001e367e02000 DEOPT UNPACKING pc=0x000001e34ea183af sp=0x00000082352f9668 mode 2
Event: 1842.685 Thread 0x000001e367e02000 Uncommon trap: trap_request=0xffffff4d fr.pc=0x000001e356d52644 relative=0x0000000000000ee4
Event: 1842.685 Thread 0x000001e367e02000 Uncommon trap: reason=unstable_if action=reinterpret pc=0x000001e356d52644 method=org.apache.xerces.impl.XMLScanner.scanAttributeValue(Lorg/apache/xerces/xni/XMLString;Lorg/apache/xerces/xni/XMLString;Ljava/lang/String;ZLjava/lang/String;)Z @ 642 c2
Event: 1842.686 Thread 0x000001e367e02000 DEOPT PACKING pc=0x000001e356d52644 sp=0x00000082352f9740
Event: 1842.686 Thread 0x000001e367e02000 DEOPT UNPACKING pc=0x000001e34ea183af sp=0x00000082352f96e0 mode 2
Event: 1842.687 Thread 0x000001e367e02000 Uncommon trap: trap_request=0xffffff4d fr.pc=0x000001e35689a0f8 relative=0x0000000000000758
Event: 1842.687 Thread 0x000001e367e02000 Uncommon trap: reason=unstable_if action=reinterpret pc=0x000001e35689a0f8 method=org.apache.xerces.util.SymbolTable.addSymbol([CII)Ljava/lang/String; @ 36 c2
Event: 1842.687 Thread 0x000001e367e02000 DEOPT PACKING pc=0x000001e35689a0f8 sp=0x00000082352f96a0
Event: 1842.687 Thread 0x000001e367e02000 DEOPT UNPACKING pc=0x000001e34ea183af sp=0x00000082352f95b8 mode 2

Classes redefined (0 events):
No events

Internal exceptions (20 events):
Event: 1840.320 Thread 0x000001e36aeb7000 Exception <a 'sun/nio/fs/WindowsException'{0x000000008cc49580}> (0x000000008cc49580) thrown at [./src/hotspot/share/prims/jni.cpp, line 615]
Event: 1840.408 Thread 0x000001e36aeb7000 Exception <a 'java/lang/NoSuchMethodError'{0x000000008c622950}: 'java.lang.Object java.lang.invoke.Invokers$Holder.linkToTargetMethod(java.lang.Object, int, int, java.lang.Object)'> (0x000000008c622950) thrown at [./src/hotspot/share/interpreter/linkResolver.cpp, line 773]
Event: 1840.581 Thread 0x000001e36aeb9800 Exception <a 'java/lang/NoSuchMethodError'{0x000000008d40e190}: <clinit>> (0x000000008d40e190) thrown at [./src/hotspot/share/prims/jni.cpp, line 1362]
Event: 1840.582 Thread 0x000001e36aeb9800 Exception <a 'java/lang/NoSuchMethodError'{0x000000008b8723b8}: <clinit>> (0x000000008b8723b8) thrown at [./src/hotspot/share/prims/jni.cpp, line 1362]
Event: 1840.600 Thread 0x000001e36aeb9800 Exception <a 'java/lang/NoSuchMethodError'{0x000000008b87c728}: <clinit>> (0x000000008b87c728) thrown at [./src/hotspot/share/prims/jni.cpp, line 1362]
Event: 1840.602 Thread 0x000001e36aeb9800 Exception <a 'java/lang/NoSuchMethodError'{0x000000008b8e0380}: <clinit>> (0x000000008b8e0380) thrown at [./src/hotspot/share/prims/jni.cpp, line 1362]
Event: 1840.602 Thread 0x000001e36aeb9800 Exception <a 'java/lang/NoSuchMethodError'{0x000000008b8e1658}: <clinit>> (0x000000008b8e1658) thrown at [./src/hotspot/share/prims/jni.cpp, line 1362]
Event: 1840.627 Thread 0x000001e367e05800 Exception <a 'java/lang/NoSuchMethodError'{0x000000008b6c75b0}: <clinit>> (0x000000008b6c75b0) thrown at [./src/hotspot/share/prims/jni.cpp, line 1362]
Event: 1840.629 Thread 0x000001e367e05800 Exception <a 'java/lang/NoSuchMethodError'{0x000000008b6d49d0}: <clinit>> (0x000000008b6d49d0) thrown at [./src/hotspot/share/prims/jni.cpp, line 1362]
Event: 1840.630 Thread 0x000001e367e05800 Exception <a 'java/lang/NoSuchMethodError'{0x000000008b501040}: <clinit>> (0x000000008b501040) thrown at [./src/hotspot/share/prims/jni.cpp, line 1362]
Event: 1840.663 Thread 0x000001e36aeb9800 Exception <a 'java/lang/NoSuchMethodError'{0x000000008b4400b0}: <clinit>> (0x000000008b4400b0) thrown at [./src/hotspot/share/prims/jni.cpp, line 1362]
Event: 1840.723 Thread 0x000001e367e02000 Exception <a 'java/lang/NoSuchMethodError'{0x000000008b097af0}: 'void java.lang.invoke.DirectMethodHandle$Holder.invokeStatic(java.lang.Object, java.lang.Object, java.lang.Object, java.lang.Object, java.lang.Object, java.lang.Object, java.lang.Object)'> (0x000000008b097af0) thrown at [./src/hotspot/share/interpreter/linkResolver.cpp, line 773]
Event: 1840.729 Thread 0x000001e36aeb9800 Exception <a 'java/lang/NoSuchMethodError'{0x000000008af34ff8}: <clinit>> (0x000000008af34ff8) thrown at [./src/hotspot/share/prims/jni.cpp, line 1362]
Event: 1840.742 Thread 0x000001e367e02000 Exception <a 'sun/nio/fs/WindowsException'{0x000000008af99b98}> (0x000000008af99b98) thrown at [./src/hotspot/share/prims/jni.cpp, line 615]
Event: 1840.742 Thread 0x000001e367e02000 Exception <a 'sun/nio/fs/WindowsException'{0x000000008af9aa60}> (0x000000008af9aa60) thrown at [./src/hotspot/share/prims/jni.cpp, line 615]
Event: 1840.764 Thread 0x000001e3678d6800 Exception <a 'sun/nio/fs/WindowsException'{0x000000008ad71fb0}> (0x000000008ad71fb0) thrown at [./src/hotspot/share/prims/jni.cpp, line 615]
Event: 1841.079 Thread 0x000001e367e00000 Exception <a 'java/lang/NoSuchMethodError'{0x000000008a3def68}: <clinit>> (0x000000008a3def68) thrown at [./src/hotspot/share/prims/jni.cpp, line 1362]
Event: 1841.229 Thread 0x000001e36aebe800 Implicit null exception at 0x000001e356d02f52 to 0x000001e356d03328
Event: 1842.410 Thread 0x000001e367e02000 Implicit null exception at 0x000001e356d50f74 to 0x000001e356d511cc
Event: 1842.410 Thread 0x000001e367e02000 Implicit null exception at 0x000001e356d50874 to 0x000001e356d50acc

Events (20 events):
Event: 1841.440 loading class com/google/common/collect/LinkedListMultimap$1KeySetImpl
Event: 1841.440 loading class com/google/common/collect/LinkedListMultimap$1KeySetImpl done
Event: 1841.440 loading class com/google/common/collect/Multimaps$AsMap$EntrySet$1
Event: 1841.440 loading class com/google/common/collect/Multimaps$AsMap$EntrySet$1 done
Event: 1841.441 loading class com/google/common/collect/Maps$3
Event: 1841.441 loading class com/google/common/collect/Maps$3 done
Event: 1841.441 loading class com/google/common/collect/TransformedIterator
Event: 1841.441 loading class com/google/common/collect/TransformedIterator done
Event: 1841.441 loading class com/google/common/collect/LinkedListMultimap$DistinctKeyIterator
Event: 1841.441 loading class com/google/common/collect/LinkedListMultimap$DistinctKeyIterator done
Event: 1841.442 loading class com/google/common/collect/LinkedListMultimap$1
Event: 1841.442 loading class com/google/common/collect/LinkedListMultimap$1 done
Event: 1841.442 loading class com/google/common/collect/LinkedListMultimap$ValueForKeyIterator
Event: 1841.442 loading class com/google/common/collect/LinkedListMultimap$ValueForKeyIterator done
Event: 1841.690 Executing VM operation: G1CollectForAllocation
Event: 1841.704 Executing VM operation: G1CollectForAllocation done
Event: 1842.449 Executing VM operation: G1CollectForAllocation
Event: 1842.541 Executing VM operation: G1CollectForAllocation done
Event: 1842.678 Thread 0x000001e36f135800 Thread exited: 0x000001e36f135800
Event: 1842.692 Executing VM operation: CGC_Operation


Dynamic libraries:
0x00007ff6c9020000 - 0x00007ff6c902a000 	C:\Program Files\Android\Android Studio\jre\bin\java.exe
0x00007ffd6a0d0000 - 0x00007ffd6a2c5000 	C:\Windows\SYSTEM32\ntdll.dll
0x00007ffd3e8d0000 - 0x00007ffd3e8e6000 	C:\Program Files\Avast Software\Avast\aswhook.dll
0x00007ffd68b70000 - 0x00007ffd68c2e000 	C:\Windows\System32\KERNEL32.DLL
0x00007ffd67a10000 - 0x00007ffd67cd9000 	C:\Windows\System32\KERNELBASE.dll
0x00007ffd67d10000 - 0x00007ffd67e10000 	C:\Windows\System32\ucrtbase.dll
0x00007ffd5acd0000 - 0x00007ffd5ace7000 	C:\Program Files\Android\Android Studio\jre\bin\VCRUNTIME140.dll
0x00007ffd4f6f0000 - 0x00007ffd4f709000 	C:\Program Files\Android\Android Studio\jre\bin\jli.dll
0x00007ffd68c30000 - 0x00007ffd68dd1000 	C:\Windows\System32\USER32.dll
0x00007ffd67950000 - 0x00007ffd67972000 	C:\Windows\System32\win32u.dll
0x00007ffd45420000 - 0x00007ffd456ba000 	C:\Windows\WinSxS\amd64_microsoft.windows.common-controls_6595b64144ccf1df_6.0.19041.1110_none_60b5254171f9507e\COMCTL32.dll
0x00007ffd69c70000 - 0x00007ffd69c9b000 	C:\Windows\System32\GDI32.dll
0x00007ffd68ed0000 - 0x00007ffd68f6e000 	C:\Windows\System32\msvcrt.dll
0x00007ffd67e10000 - 0x00007ffd67f1b000 	C:\Windows\System32\gdi32full.dll
0x00007ffd67f20000 - 0x00007ffd67fbd000 	C:\Windows\System32\msvcp_win.dll
0x00007ffd68a20000 - 0x00007ffd68a50000 	C:\Windows\System32\IMM32.DLL
0x00007ffd1fcc0000 - 0x00007ffd1fd5d000 	C:\Program Files\Android\Android Studio\jre\bin\msvcp140.dll
0x00007ffcea1c0000 - 0x00007ffceac8f000 	C:\Program Files\Android\Android Studio\jre\bin\server\jvm.dll
0x00007ffd69bc0000 - 0x00007ffd69c6c000 	C:\Windows\System32\ADVAPI32.dll
0x00007ffd69680000 - 0x00007ffd6971b000 	C:\Windows\System32\sechost.dll
0x00007ffd69db0000 - 0x00007ffd69eda000 	C:\Windows\System32\RPCRT4.dll
0x00007ffd68120000 - 0x00007ffd68128000 	C:\Windows\System32\PSAPI.DLL
0x00007ffd56f10000 - 0x00007ffd56f19000 	C:\Windows\SYSTEM32\WSOCK32.dll
0x00007ffd488c0000 - 0x00007ffd488e7000 	C:\Windows\SYSTEM32\WINMM.dll
0x00007ffd5abe0000 - 0x00007ffd5abea000 	C:\Windows\SYSTEM32\VERSION.dll
0x00007ffd689b0000 - 0x00007ffd68a1b000 	C:\Windows\System32\WS2_32.dll
0x00007ffd66070000 - 0x00007ffd66082000 	C:\Windows\SYSTEM32\kernel.appcore.dll
0x00007ffd60500000 - 0x00007ffd60511000 	C:\Program Files\Android\Android Studio\jre\bin\verify.dll
0x00007ffd652c0000 - 0x00007ffd654a4000 	C:\Windows\SYSTEM32\DBGHELP.DLL
0x00007ffd57020000 - 0x00007ffd5704c000 	C:\Windows\SYSTEM32\dbgcore.DLL
0x00007ffd67980000 - 0x00007ffd67a03000 	C:\Windows\System32\bcryptPrimitives.dll
0x00007ffd604a0000 - 0x00007ffd604c9000 	C:\Program Files\Android\Android Studio\jre\bin\java.dll
0x00007ffd60e40000 - 0x00007ffd60e4b000 	C:\Program Files\Android\Android Studio\jre\bin\jimage.dll
0x00007ffd5f0b0000 - 0x00007ffd5f0c8000 	C:\Program Files\Android\Android Studio\jre\bin\zip.dll
0x00007ffd68270000 - 0x00007ffd689af000 	C:\Windows\System32\SHELL32.dll
0x00007ffd658d0000 - 0x00007ffd66060000 	C:\Windows\SYSTEM32\windows.storage.dll
0x00007ffd69720000 - 0x00007ffd69a75000 	C:\Windows\System32\combase.dll
0x00007ffd67170000 - 0x00007ffd6719c000 	C:\Windows\SYSTEM32\Wldp.dll
0x00007ffd69a80000 - 0x00007ffd69b2d000 	C:\Windows\System32\SHCORE.dll
0x00007ffd69540000 - 0x00007ffd69595000 	C:\Windows\System32\shlwapi.dll
0x00007ffd67730000 - 0x00007ffd6774f000 	C:\Windows\SYSTEM32\profapi.dll
0x00007ffd5f090000 - 0x00007ffd5f0aa000 	C:\Program Files\Android\Android Studio\jre\bin\net.dll
0x00007ffd5e720000 - 0x00007ffd5e828000 	C:\Windows\SYSTEM32\WINHTTP.dll
0x00007ffd66ed0000 - 0x00007ffd66f3a000 	C:\Windows\system32\mswsock.dll
0x00007ffd5dab0000 - 0x00007ffd5dac4000 	C:\Program Files\Android\Android Studio\jre\bin\nio.dll
0x00007ffd26f30000 - 0x00007ffd26f57000 	C:\Users\ACER\.gradle\native\8bec1ad78214c89d9ad589b4d07fe93259594b29d510b10fafb7a158f7737e5d\windows-amd64\native-platform.dll
0x00007ffd18b70000 - 0x00007ffd18cad000 	C:\Users\ACER\.gradle\native\53dbd7edfb1c66fb8903c78663c9afc45aea4f116125fa6feffd364cf09443e8\windows-amd64\native-platform-file-events.dll
0x00007ffd60dd0000 - 0x00007ffd60dda000 	C:\Program Files\Android\Android Studio\jre\bin\management.dll
0x00007ffd60d60000 - 0x00007ffd60d6c000 	C:\Program Files\Android\Android Studio\jre\bin\management_ext.dll
0x00007ffd670c0000 - 0x00007ffd670d8000 	C:\Windows\SYSTEM32\CRYPTSP.dll
0x00007ffd66850000 - 0x00007ffd66884000 	C:\Windows\system32\rsaenh.dll
0x00007ffd67ce0000 - 0x00007ffd67d07000 	C:\Windows\System32\bcrypt.dll
0x00007ffd676f0000 - 0x00007ffd6771e000 	C:\Windows\SYSTEM32\USERENV.dll
0x00007ffd670e0000 - 0x00007ffd670ec000 	C:\Windows\SYSTEM32\CRYPTBASE.dll
0x00007ffd66bc0000 - 0x00007ffd66bfb000 	C:\Windows\SYSTEM32\IPHLPAPI.DLL
0x00007ffd68ec0000 - 0x00007ffd68ec8000 	C:\Windows\System32\NSI.dll
0x00007ffd558c0000 - 0x00007ffd558d7000 	C:\Windows\SYSTEM32\dhcpcsvc6.DLL
0x00007ffd59b00000 - 0x00007ffd59b1d000 	C:\Windows\SYSTEM32\dhcpcsvc.DLL
0x00007ffd66c00000 - 0x00007ffd66ccc000 	C:\Windows\SYSTEM32\DNSAPI.dll
0x00007ffd26f60000 - 0x00007ffd26f87000 	C:\Program Files\Android\Android Studio\jre\bin\sunec.dll
0x00007ffd583d0000 - 0x00007ffd583da000 	C:\Windows\System32\rasadhlp.dll
0x00007ffd574c0000 - 0x00007ffd5753f000 	C:\Windows\System32\fwpuclnt.dll

dbghelp: loaded successfully - version: 4.0.5 - missing functions: none
symbol engine: initialized successfully - sym options: 0x614 - pdb path: .;C:\Program Files\Android\Android Studio\jre\bin;C:\Windows\SYSTEM32;C:\Program Files\Avast Software\Avast;C:\Windows\WinSxS\amd64_microsoft.windows.common-controls_6595b64144ccf1df_6.0.19041.1110_none_60b5254171f9507e;C:\Program Files\Android\Android Studio\jre\bin\server;C:\Users\ACER\.gradle\native\8bec1ad78214c89d9ad589b4d07fe93259594b29d510b10fafb7a158f7737e5d\windows-amd64;C:\Users\ACER\.gradle\native\53dbd7edfb1c66fb8903c78663c9afc45aea4f116125fa6feffd364cf09443e8\windows-amd64

VM Arguments:
jvm_args: --add-opens=java.base/java.util=ALL-UNNAMED --add-opens=java.base/java.lang=ALL-UNNAMED --add-opens=java.base/java.lang.invoke=ALL-UNNAMED --add-opens=java.base/java.util=ALL-UNNAMED --add-opens=java.prefs/java.util.prefs=ALL-UNNAMED --add-opens=java.prefs/java.util.prefs=ALL-UNNAMED --add-opens=java.base/java.nio.charset=ALL-UNNAMED --add-opens=java.base/java.net=ALL-UNNAMED --add-opens=java.base/java.util.concurrent.atomic=ALL-UNNAMED -Xmx2048m -Dfile.encoding=UTF-8 -Duser.country=ID -Duser.language=en -Duser.variant 
java_command: org.gradle.launcher.daemon.bootstrap.GradleDaemon 7.0.2
java_class_path (initial): C:\Users\ACER\.gradle\wrapper\dists\gradle-7.0.2-bin\857tjihv64xamwrf0h14cai3r\gradle-7.0.2\lib\gradle-launcher-7.0.2.jar
Launcher Type: SUN_STANDARD

[Global flags]
     intx CICompilerCount                          = 3                                         {product} {ergonomic}
     uint ConcGCThreads                            = 1                                         {product} {ergonomic}
     uint G1ConcRefinementThreads                  = 4                                         {product} {ergonomic}
   size_t G1HeapRegionSize                         = 1048576                                   {product} {ergonomic}
    uintx GCDrainStackTargetSize                   = 64                                        {product} {ergonomic}
   size_t InitialHeapSize                          = 132120576                                 {product} {ergonomic}
   size_t MarkStackSize                            = 4194304                                   {product} {ergonomic}
   size_t MaxHeapSize                              = 2147483648                                {product} {command line}
   size_t MaxNewSize                               = 1287651328                                {product} {ergonomic}
   size_t MinHeapDeltaBytes                        = 1048576                                   {product} {ergonomic}
    uintx NonNMethodCodeHeapSize                   = 5830732                                {pd product} {ergonomic}
    uintx NonProfiledCodeHeapSize                  = 122913754                              {pd product} {ergonomic}
    uintx ProfiledCodeHeapSize                     = 122913754                              {pd product} {ergonomic}
    uintx ReservedCodeCacheSize                    = 251658240                              {pd product} {ergonomic}
     bool SegmentedCodeCache                       = true                                      {product} {ergonomic}
     bool UseCompressedClassPointers               = true                                 {lp64_product} {ergonomic}
     bool UseCompressedOops                        = true                                 {lp64_product} {ergonomic}
     bool UseG1GC                                  = true                                      {product} {ergonomic}
     bool UseLargePagesIndividualAllocation        = false                                  {pd product} {ergonomic}

Logging:
Log output configuration:
 #0: stdout all=warning uptime,level,tags
 #1: stderr all=off uptime,level,tags

Environment Variables:
PATH=C:\Windows\system32;C:\Windows;C:\Windows\System32\Wbem;C:\Windows\System32\WindowsPowerShell\v1.0\;C:\Windows\System32\OpenSSH\;C:\Program Files\Git\cmd;C:\Users\ACER\AppData\Local\Android\Sdk\platform-tools;C:\Program Files (x86)\Windows Kits\8.1\Windows Performance Toolkit\;C:\Program Files\Microsoft SQL Server\110\Tools\Binn\;C:\Users\ACER\AppData\Local\Microsoft\WindowsApps;
USERNAME=ACER
OS=Windows_NT
PROCESSOR_IDENTIFIER=Intel64 Family 6 Model 140 Stepping 1, GenuineIntel



---------------  S Y S T E M  ---------------

OS: Windows 10 , 64 bit Build 19041 (10.0.19041.1202)
OS uptime: 0 days 21:39 hours

CPU:total 4 (initial active 4) (2 cores per cpu, 2 threads per core) family 6 model 140 stepping 1 microcode 0x86, cmov, cx8, fxsr, mmx, sse, sse2, sse3, ssse3, sse4.1, sse4.2, popcnt, avx, avx2, aes, clmul, erms, 3dnowpref, lzcnt, ht, tsc, tscinvbit, bmi1, bmi2, adx, evex, sha, fma

Memory: 4k page, system-wide physical 7991M (1848M free)
TotalPageFile size 10679M (AvailPageFile size 3145M)
current process WorkingSet (physical memory assigned to process): 482M, peak: 503M
current process commit charge ("private bytes"): 525M, peak: 542M

vm_info: OpenJDK 64-Bit Server VM (11.0.10+0-b96-7249189) for windows-amd64 JRE (11.0.10+0-b96-7249189), built on Mar 31 2021 21:44:00 by "builder" with MS VC++ 14.0 (VS2015)

END.
